This is pdfTeX, Version 3.141592653-2.6-1.40.25 (MiKTeX 24.1) (preloaded format=pdflatex 2024.6.26)  16 DEC 2024 18:30
entering extended mode
 restricted \write18 enabled.
 %&-line parsing enabled.
**./DA-Main.tex
(DA-Main.tex
LaTeX2e <2023-11-01> patch level 1
L3 programming layer <2024-01-04>
(C:\Users\nicol\AppData\Local\Programs\MiKTeX\tex/latex/base\article.cls
Document Class: article 2023/05/17 v1.4n Standard LaTeX document class
(C:\Users\nicol\AppData\Local\Programs\MiKTeX\tex/latex/base\size10.clo
File: size10.clo 2023/05/17 v1.4n Standard LaTeX file (size option)
)
\c@part=\count187
\c@section=\count188
\c@subsection=\count189
\c@subsubsection=\count190
\c@paragraph=\count191
\c@subparagraph=\count192
\c@figure=\count193
\c@table=\count194
\abovecaptionskip=\skip48
\belowcaptionskip=\skip49
\bibindent=\dimen140
)
(C:\Users\nicol\AppData\Local\Programs\MiKTeX\tex/latex/base\inputenc.sty
Package: inputenc 2021/02/14 v1.3d Input encoding file
\inpenc@prehook=\toks17
\inpenc@posthook=\toks18
)
(C:\Users\nicol\AppData\Local\Programs\MiKTeX\tex/latex/base\fontenc.sty
Package: fontenc 2021/04/29 v2.0v Standard LaTeX package
)
(C:\Users\nicol\AppData\Local\Programs\MiKTeX\tex/latex/lm\lmodern.sty
Package: lmodern 2015/05/01 v1.6.1 Latin Modern Fonts
LaTeX Font Info:    Overwriting symbol font `operators' in version `normal'
(Font)                  OT1/cmr/m/n --> OT1/lmr/m/n on input line 22.
LaTeX Font Info:    Overwriting symbol font `letters' in version `normal'
(Font)                  OML/cmm/m/it --> OML/lmm/m/it on input line 23.
LaTeX Font Info:    Overwriting symbol font `symbols' in version `normal'
(Font)                  OMS/cmsy/m/n --> OMS/lmsy/m/n on input line 24.
LaTeX Font Info:    Overwriting symbol font `largesymbols' in version `normal'
(Font)                  OMX/cmex/m/n --> OMX/lmex/m/n on input line 25.
LaTeX Font Info:    Overwriting symbol font `operators' in version `bold'
(Font)                  OT1/cmr/bx/n --> OT1/lmr/bx/n on input line 26.
LaTeX Font Info:    Overwriting symbol font `letters' in version `bold'
(Font)                  OML/cmm/b/it --> OML/lmm/b/it on input line 27.
LaTeX Font Info:    Overwriting symbol font `symbols' in version `bold'
(Font)                  OMS/cmsy/b/n --> OMS/lmsy/b/n on input line 28.
LaTeX Font Info:    Overwriting symbol font `largesymbols' in version `bold'
(Font)                  OMX/cmex/m/n --> OMX/lmex/m/n on input line 29.
LaTeX Font Info:    Overwriting math alphabet `\mathbf' in version `normal'
(Font)                  OT1/cmr/bx/n --> OT1/lmr/bx/n on input line 31.
LaTeX Font Info:    Overwriting math alphabet `\mathsf' in version `normal'
(Font)                  OT1/cmss/m/n --> OT1/lmss/m/n on input line 32.
LaTeX Font Info:    Overwriting math alphabet `\mathit' in version `normal'
(Font)                  OT1/cmr/m/it --> OT1/lmr/m/it on input line 33.
LaTeX Font Info:    Overwriting math alphabet `\mathtt' in version `normal'
(Font)                  OT1/cmtt/m/n --> OT1/lmtt/m/n on input line 34.
LaTeX Font Info:    Overwriting math alphabet `\mathbf' in version `bold'
(Font)                  OT1/cmr/bx/n --> OT1/lmr/bx/n on input line 35.
LaTeX Font Info:    Overwriting math alphabet `\mathsf' in version `bold'
(Font)                  OT1/cmss/bx/n --> OT1/lmss/bx/n on input line 36.
LaTeX Font Info:    Overwriting math alphabet `\mathit' in version `bold'
(Font)                  OT1/cmr/bx/it --> OT1/lmr/bx/it on input line 37.
LaTeX Font Info:    Overwriting math alphabet `\mathtt' in version `bold'
(Font)                  OT1/cmtt/m/n --> OT1/lmtt/m/n on input line 38.
)
(C:\Users\nicol\AppData\Local\Programs\MiKTeX\tex/generic/babel\babel.sty
Package: babel 2024/01/07 v24.1 The Babel package
\babel@savecnt=\count195
\U@D=\dimen141
\l@unhyphenated=\language79

(C:\Users\nicol\AppData\Local\Programs\MiKTeX\tex/generic/babel\txtbabel.def)
\bbl@readstream=\read2
\bbl@dirlevel=\count196

*************************************
* Local config file bblopts.cfg used
*
(C:\Users\nicol\AppData\Local\Programs\MiKTeX\tex/latex/arabi\bblopts.cfg
File: bblopts.cfg 2005/09/08 v0.1 add Arabic and Farsi to "declared" options of
 babel
)
(C:\Users\nicol\AppData\Local\Programs\MiKTeX\tex/latex/babel-german\ngerman.ld
f
Language: ngerman 2024/01/19 v2.14 German support for babel (post-1996 orthogra
phy)

(C:\Users\nicol\AppData\Local\Programs\MiKTeX\tex/latex/babel-german\ngermanb.l
df
Language: ngermanb 2024/01/19 v2.14 German support for babel (post-1996 orthogr
aphy)
Package babel Info: Making " an active character on input line 122.
)))
(C:\Users\nicol\AppData\Local\Programs\MiKTeX\tex/generic/babel/locale/de\babel
-ngerman.tex
Package babel Info: Importing font and identification data for ngerman
(babel)             from babel-de.ini. Reported on input line 11.
)
(C:\Users\nicol\AppData\Local\Programs\MiKTeX\tex/latex/amsmath\amsmath.sty
Package: amsmath 2023/05/13 v2.17o AMS math features
\@mathmargin=\skip50

For additional information on amsmath, use the `?' option.
(C:\Users\nicol\AppData\Local\Programs\MiKTeX\tex/latex/amsmath\amstext.sty
Package: amstext 2021/08/26 v2.01 AMS text

(C:\Users\nicol\AppData\Local\Programs\MiKTeX\tex/latex/amsmath\amsgen.sty
File: amsgen.sty 1999/11/30 v2.0 generic functions
\@emptytoks=\toks19
\ex@=\dimen142
))
(C:\Users\nicol\AppData\Local\Programs\MiKTeX\tex/latex/amsmath\amsbsy.sty
Package: amsbsy 1999/11/29 v1.2d Bold Symbols
\pmbraise@=\dimen143
)
(C:\Users\nicol\AppData\Local\Programs\MiKTeX\tex/latex/amsmath\amsopn.sty
Package: amsopn 2022/04/08 v2.04 operator names
)
\inf@bad=\count197
LaTeX Info: Redefining \frac on input line 234.
\uproot@=\count198
\leftroot@=\count199
LaTeX Info: Redefining \overline on input line 399.
LaTeX Info: Redefining \colon on input line 410.
\classnum@=\count266
\DOTSCASE@=\count267
LaTeX Info: Redefining \ldots on input line 496.
LaTeX Info: Redefining \dots on input line 499.
LaTeX Info: Redefining \cdots on input line 620.
\Mathstrutbox@=\box51
\strutbox@=\box52
LaTeX Info: Redefining \big on input line 722.
LaTeX Info: Redefining \Big on input line 723.
LaTeX Info: Redefining \bigg on input line 724.
LaTeX Info: Redefining \Bigg on input line 725.
\big@size=\dimen144
LaTeX Font Info:    Redeclaring font encoding OML on input line 743.
LaTeX Font Info:    Redeclaring font encoding OMS on input line 744.
\macc@depth=\count268
LaTeX Info: Redefining \bmod on input line 905.
LaTeX Info: Redefining \pmod on input line 910.
LaTeX Info: Redefining \smash on input line 940.
LaTeX Info: Redefining \relbar on input line 970.
LaTeX Info: Redefining \Relbar on input line 971.
\c@MaxMatrixCols=\count269
\dotsspace@=\muskip16
\c@parentequation=\count270
\dspbrk@lvl=\count271
\tag@help=\toks20
\row@=\count272
\column@=\count273
\maxfields@=\count274
\andhelp@=\toks21
\eqnshift@=\dimen145
\alignsep@=\dimen146
\tagshift@=\dimen147
\tagwidth@=\dimen148
\totwidth@=\dimen149
\lineht@=\dimen150
\@envbody=\toks22
\multlinegap=\skip51
\multlinetaggap=\skip52
\mathdisplay@stack=\toks23
LaTeX Info: Redefining \[ on input line 2953.
LaTeX Info: Redefining \] on input line 2954.
)
(C:\Users\nicol\AppData\Local\Programs\MiKTeX\tex/latex/tools\tabularx.sty
Package: tabularx 2023/07/08 v2.11c `tabularx' package (DPC)

(C:\Users\nicol\AppData\Local\Programs\MiKTeX\tex/latex/tools\array.sty
Package: array 2023/10/16 v2.5g Tabular extension package (FMi)
\col@sep=\dimen151
\ar@mcellbox=\box53
\extrarowheight=\dimen152
\NC@list=\toks24
\extratabsurround=\skip53
\backup@length=\skip54
\ar@cellbox=\box54
)
\TX@col@width=\dimen153
\TX@old@table=\dimen154
\TX@old@col=\dimen155
\TX@target=\dimen156
\TX@delta=\dimen157
\TX@cols=\count275
\TX@ftn=\toks25
)
(C:\Users\nicol\AppData\Local\Programs\MiKTeX\tex/latex/url\url.sty
\Urlmuskip=\muskip17
Package: url 2013/09/16  ver 3.4  Verb mode for urls, etc.
)
(C:\Users\nicol\AppData\Local\Programs\MiKTeX\tex/latex/hyperref\hyperref.sty
Package: hyperref 2023-11-26 v7.01g Hypertext links for LaTeX

(C:\Users\nicol\AppData\Local\Programs\MiKTeX\tex/generic/iftex\iftex.sty
Package: iftex 2022/02/03 v1.0f TeX engine tests
)
(C:\Users\nicol\AppData\Local\Programs\MiKTeX\tex/generic/infwarerr\infwarerr.s
ty
Package: infwarerr 2019/12/03 v1.5 Providing info/warning/error messages (HO)
) (C:\Users\nicol\AppData\Local\Programs\MiKTeX\tex/latex/graphics\keyval.sty
Package: keyval 2022/05/29 v1.15 key=value parser (DPC)
\KV@toks@=\toks26
)
(C:\Users\nicol\AppData\Local\Programs\MiKTeX\tex/latex/kvsetkeys\kvsetkeys.sty
Package: kvsetkeys 2022-10-05 v1.19 Key value parser (HO)
)
(C:\Users\nicol\AppData\Local\Programs\MiKTeX\tex/generic/kvdefinekeys\kvdefine
keys.sty
Package: kvdefinekeys 2019-12-19 v1.6 Define keys (HO)
)
(C:\Users\nicol\AppData\Local\Programs\MiKTeX\tex/generic/pdfescape\pdfescape.s
ty
Package: pdfescape 2019/12/09 v1.15 Implements pdfTeX's escape features (HO)

(C:\Users\nicol\AppData\Local\Programs\MiKTeX\tex/generic/ltxcmds\ltxcmds.sty
Package: ltxcmds 2023-12-04 v1.26 LaTeX kernel commands for general use (HO)
)
(C:\Users\nicol\AppData\Local\Programs\MiKTeX\tex/generic/pdftexcmds\pdftexcmds
.sty
Package: pdftexcmds 2020-06-27 v0.33 Utility functions of pdfTeX for LuaTeX (HO
)
Package pdftexcmds Info: \pdf@primitive is available.
Package pdftexcmds Info: \pdf@ifprimitive is available.
Package pdftexcmds Info: \pdfdraftmode found.
))
(C:\Users\nicol\AppData\Local\Programs\MiKTeX\tex/latex/hycolor\hycolor.sty
Package: hycolor 2020-01-27 v1.10 Color options for hyperref/bookmark (HO)
)
(C:\Users\nicol\AppData\Local\Programs\MiKTeX\tex/latex/letltxmacro\letltxmacro
.sty
Package: letltxmacro 2019/12/03 v1.6 Let assignment for LaTeX macros (HO)
)
(C:\Users\nicol\AppData\Local\Programs\MiKTeX\tex/latex/auxhook\auxhook.sty
Package: auxhook 2019-12-17 v1.6 Hooks for auxiliary files (HO)
)
(C:\Users\nicol\AppData\Local\Programs\MiKTeX\tex/latex/hyperref\nameref.sty
Package: nameref 2023-11-26 v2.56 Cross-referencing by name of section

(C:\Users\nicol\AppData\Local\Programs\MiKTeX\tex/latex/refcount\refcount.sty
Package: refcount 2019/12/15 v3.6 Data extraction from label references (HO)
)
(C:\Users\nicol\AppData\Local\Programs\MiKTeX\tex/generic/gettitlestring\gettit
lestring.sty
Package: gettitlestring 2019/12/15 v1.6 Cleanup title references (HO)

(C:\Users\nicol\AppData\Local\Programs\MiKTeX\tex/latex/kvoptions\kvoptions.sty
Package: kvoptions 2022-06-15 v3.15 Key value format for package options (HO)
))
\c@section@level=\count276
)
(C:\Users\nicol\AppData\Local\Programs\MiKTeX\tex/latex/etoolbox\etoolbox.sty
Package: etoolbox 2020/10/05 v2.5k e-TeX tools for LaTeX (JAW)
\etb@tempcnta=\count277
)
\@linkdim=\dimen158
\Hy@linkcounter=\count278
\Hy@pagecounter=\count279

(C:\Users\nicol\AppData\Local\Programs\MiKTeX\tex/latex/hyperref\pd1enc.def
File: pd1enc.def 2023-11-26 v7.01g Hyperref: PDFDocEncoding definition (HO)
Now handling font encoding PD1 ...
... no UTF-8 mapping file for font encoding PD1
)
(C:\Users\nicol\AppData\Local\Programs\MiKTeX\tex/generic/intcalc\intcalc.sty
Package: intcalc 2019/12/15 v1.3 Expandable calculations with integers (HO)
)
\Hy@SavedSpaceFactor=\count280

(C:\Users\nicol\AppData\Local\Programs\MiKTeX\tex/latex/hyperref\puenc.def
File: puenc.def 2023-11-26 v7.01g Hyperref: PDF Unicode definition (HO)
Now handling font encoding PU ...
... no UTF-8 mapping file for font encoding PU
)
Package hyperref Info: Hyper figures OFF on input line 4181.
Package hyperref Info: Link nesting OFF on input line 4186.
Package hyperref Info: Hyper index ON on input line 4189.
Package hyperref Info: Plain pages OFF on input line 4196.
Package hyperref Info: Backreferencing OFF on input line 4201.
Package hyperref Info: Implicit mode ON; LaTeX internals redefined.
Package hyperref Info: Bookmarks ON on input line 4448.
\c@Hy@tempcnt=\count281
LaTeX Info: Redefining \url on input line 4786.
\XeTeXLinkMargin=\dimen159

(C:\Users\nicol\AppData\Local\Programs\MiKTeX\tex/generic/bitset\bitset.sty
Package: bitset 2019/12/09 v1.3 Handle bit-vector datatype (HO)

(C:\Users\nicol\AppData\Local\Programs\MiKTeX\tex/generic/bigintcalc\bigintcalc
.sty
Package: bigintcalc 2019/12/15 v1.5 Expandable calculations on big integers (HO
)
))
\Fld@menulength=\count282
\Field@Width=\dimen160
\Fld@charsize=\dimen161
Package hyperref Info: Hyper figures OFF on input line 6065.
Package hyperref Info: Link nesting OFF on input line 6070.
Package hyperref Info: Hyper index ON on input line 6073.
Package hyperref Info: backreferencing OFF on input line 6080.
Package hyperref Info: Link coloring OFF on input line 6085.
Package hyperref Info: Link coloring with OCG OFF on input line 6090.
Package hyperref Info: PDF/A mode OFF on input line 6095.

(C:\Users\nicol\AppData\Local\Programs\MiKTeX\tex/latex/base\atbegshi-ltx.sty
Package: atbegshi-ltx 2021/01/10 v1.0c Emulation of the original atbegshi
package with kernel methods
)
\Hy@abspage=\count283
\c@Item=\count284
\c@Hfootnote=\count285
)
Package hyperref Info: Driver (autodetected): hpdftex.
(C:\Users\nicol\AppData\Local\Programs\MiKTeX\tex/latex/hyperref\hpdftex.def
File: hpdftex.def 2023-11-26 v7.01g Hyperref driver for pdfTeX

(C:\Users\nicol\AppData\Local\Programs\MiKTeX\tex/latex/base\atveryend-ltx.sty
Package: atveryend-ltx 2020/08/19 v1.0a Emulation of the original atveryend pac
kage
with kernel methods
)
\Fld@listcount=\count286
\c@bookmark@seq@number=\count287

(C:\Users\nicol\AppData\Local\Programs\MiKTeX\tex/latex/rerunfilecheck\rerunfil
echeck.sty
Package: rerunfilecheck 2022-07-10 v1.10 Rerun checks for auxiliary files (HO)

(C:\Users\nicol\AppData\Local\Programs\MiKTeX\tex/generic/uniquecounter\uniquec
ounter.sty
Package: uniquecounter 2019/12/15 v1.4 Provide unlimited unique counter (HO)
)
Package uniquecounter Info: New unique counter `rerunfilecheck' on input line 2
85.
)
\Hy@SectionHShift=\skip55
)
(C:\Users\nicol\AppData\Local\Programs\MiKTeX\tex/latex/float\float.sty
Package: float 2001/11/08 v1.3d Float enhancements (AL)
\c@float@type=\count288
\float@exts=\toks27
\float@box=\box55
\@float@everytoks=\toks28
\@floatcapt=\box56
)
(C:\Users\nicol\AppData\Local\Programs\MiKTeX\tex/latex/graphics\graphicx.sty
Package: graphicx 2021/09/16 v1.2d Enhanced LaTeX Graphics (DPC,SPQR)

(C:\Users\nicol\AppData\Local\Programs\MiKTeX\tex/latex/graphics\graphics.sty
Package: graphics 2022/03/10 v1.4e Standard LaTeX Graphics (DPC,SPQR)

(C:\Users\nicol\AppData\Local\Programs\MiKTeX\tex/latex/graphics\trig.sty
Package: trig 2021/08/11 v1.11 sin cos tan (DPC)
)
(C:\Users\nicol\AppData\Local\Programs\MiKTeX\tex/latex/graphics-cfg\graphics.c
fg
File: graphics.cfg 2016/06/04 v1.11 sample graphics configuration
)
Package graphics Info: Driver file: pdftex.def on input line 107.

(C:\Users\nicol\AppData\Local\Programs\MiKTeX\tex/latex/graphics-def\pdftex.def
File: pdftex.def 2022/09/22 v1.2b Graphics/color driver for pdftex
))
\Gin@req@height=\dimen162
\Gin@req@width=\dimen163
)
LaTeX Font Info:    Trying to load font information for T1+lmr on input line 21
.
 (C:\Users\nicol\AppData\Local\Programs\MiKTeX\tex/latex/lm\t1lmr.fd
File: t1lmr.fd 2015/05/01 v1.6.1 Font defs for Latin Modern
)
(C:\Users\nicol\AppData\Local\Programs\MiKTeX\tex/latex/l3backend\l3backend-pdf
tex.def
File: l3backend-pdftex.def 2024-01-04 L3 backend support: PDF output (pdfTeX)
\l__color_backend_stack_int=\count289
\l__pdf_internal_box=\box57
) (DA-Main.aux)
\openout1 = `DA-Main.aux'.

LaTeX Font Info:    Checking defaults for OML/cmm/m/it on input line 21.
LaTeX Font Info:    ... okay on input line 21.
LaTeX Font Info:    Checking defaults for OMS/cmsy/m/n on input line 21.
LaTeX Font Info:    ... okay on input line 21.
LaTeX Font Info:    Checking defaults for OT1/cmr/m/n on input line 21.
LaTeX Font Info:    ... okay on input line 21.
LaTeX Font Info:    Checking defaults for T1/cmr/m/n on input line 21.
LaTeX Font Info:    ... okay on input line 21.
LaTeX Font Info:    Checking defaults for TS1/cmr/m/n on input line 21.
LaTeX Font Info:    ... okay on input line 21.
LaTeX Font Info:    Checking defaults for OMX/cmex/m/n on input line 21.
LaTeX Font Info:    ... okay on input line 21.
LaTeX Font Info:    Checking defaults for U/cmr/m/n on input line 21.
LaTeX Font Info:    ... okay on input line 21.
LaTeX Font Info:    Checking defaults for PD1/pdf/m/n on input line 21.
LaTeX Font Info:    ... okay on input line 21.
LaTeX Font Info:    Checking defaults for PU/pdf/m/n on input line 21.
LaTeX Font Info:    ... okay on input line 21.
Package hyperref Info: Link coloring OFF on input line 21.
 (DA-Main.out) (DA-Main.out)
\@outlinefile=\write3
\openout3 = `DA-Main.out'.


(C:\Users\nicol\AppData\Local\Programs\MiKTeX\tex/context/base/mkii\supp-pdf.mk
ii
[Loading MPS to PDF converter (version 2006.09.02).]
\scratchcounter=\count290
\scratchdimen=\dimen164
\scratchbox=\box58
\nofMPsegments=\count291
\nofMParguments=\count292
\everyMPshowfont=\toks29
\MPscratchCnt=\count293
\MPscratchDim=\dimen165
\MPnumerator=\count294
\makeMPintoPDFobject=\count295
\everyMPtoPDFconversion=\toks30
)
(C:\Users\nicol\AppData\Local\Programs\MiKTeX\tex/latex/epstopdf-pkg\epstopdf-b
ase.sty
Package: epstopdf-base 2020-01-24 v2.11 Base part for package epstopdf
Package epstopdf-base Info: Redefining graphics rule for `.eps' on input line 4
85.

(C:\Users\nicol\AppData\Local\Programs\MiKTeX\tex/latex/00miktex\epstopdf-sys.c
fg
File: epstopdf-sys.cfg 2021/03/18 v2.0 Configuration of epstopdf for MiKTeX
))
LaTeX Font Info:    Trying to load font information for OT1+lmr on input line 2
4.
 (C:\Users\nicol\AppData\Local\Programs\MiKTeX\tex/latex/lm\ot1lmr.fd
File: ot1lmr.fd 2015/05/01 v1.6.1 Font defs for Latin Modern
)
LaTeX Font Info:    Trying to load font information for OML+lmm on input line 2
4.

(C:\Users\nicol\AppData\Local\Programs\MiKTeX\tex/latex/lm\omllmm.fd
File: omllmm.fd 2015/05/01 v1.6.1 Font defs for Latin Modern
)
LaTeX Font Info:    Trying to load font information for OMS+lmsy on input line 
24.

(C:\Users\nicol\AppData\Local\Programs\MiKTeX\tex/latex/lm\omslmsy.fd
File: omslmsy.fd 2015/05/01 v1.6.1 Font defs for Latin Modern
)
LaTeX Font Info:    Trying to load font information for OMX+lmex on input line 
24.

(C:\Users\nicol\AppData\Local\Programs\MiKTeX\tex/latex/lm\omxlmex.fd
File: omxlmex.fd 2015/05/01 v1.6.1 Font defs for Latin Modern
)
LaTeX Font Info:    External font `lmex10' loaded for size
(Font)              <12> on input line 24.
LaTeX Font Info:    External font `lmex10' loaded for size
(Font)              <8> on input line 24.
LaTeX Font Info:    External font `lmex10' loaded for size
(Font)              <6> on input line 24.
<./images//hardware/adapter-nahe_hg-transparent.png, id=235, 2052.66875pt x 164
2.135pt>
File: ./images//hardware/adapter-nahe_hg-transparent.png Graphic file (type png
)
<use ./images//hardware/adapter-nahe_hg-transparent.png>
Package pdftex.def Info: ./images//hardware/adapter-nahe_hg-transparent.png  us
ed on input line 27.
(pdftex.def)             Requested size: 369.46443pt x 295.57155pt.

Overfull \hbox (10.23807pt too wide) in paragraph at lines 27--28
 | [] 
 []

[1

{C:/Users/nicol/AppData/Local/MiKTeX/fonts/map/pdftex/pdftex.map}{C:/Users/nico
l/AppData/Local/Programs/MiKTeX/fonts/enc/dvips/lm/lm-ec.enc} <./images//hardwa
re/adapter-nahe_hg-transparent.png>]
Underfull \hbox (badness 10000) in paragraph at lines 36--47

 []

[2]
Underfull \hbox (badness 10000) in paragraph at lines 51--52

 []

LaTeX Font Info:    External font `lmex10' loaded for size
(Font)              <10> on input line 59.
LaTeX Font Info:    External font `lmex10' loaded for size
(Font)              <7> on input line 59.
LaTeX Font Info:    External font `lmex10' loaded for size
(Font)              <5> on input line 59.
[3] (DA-Main.toc [4] [5])
\tf@toc=\write4
\openout4 = `DA-Main.toc'.

 [6]
LaTeX Font Info:    Trying to load font information for T1+lmtt on input line 1
05.

(C:\Users\nicol\AppData\Local\Programs\MiKTeX\tex/latex/lm\t1lmtt.fd
File: t1lmtt.fd 2015/05/01 v1.6.1 Font defs for Latin Modern
)
Overfull \hbox (13.50032pt too wide) in paragraph at lines 99--141
\T1/lmr/m/n/10 Lenovo be-schreibt Line-Ausgänge zum Bei-spiel fol-gen-der-ma-ÿe
n: ^^RDer Line-Ausgang
 []


Overfull \hbox (34.9314pt too wide) in paragraph at lines 99--141
\T1/lmr/m/n/10 Mehr zu Au-dio-qua-li-tät aber im Teil Äus-wahl in-ter-ne Hardwa
re/Digital-/Analogwandler" 
 []


Overfull \hbox (14.45038pt too wide) in paragraph at lines 99--141
\T1/lmr/m/n/10 (vgl. []$\T1/lmtt/m/n/10 https : / / www . axis . com / dam / pu
blic / ad / 35 / af / einf % C3 % BChrung -[] in -[] das -[]
 []


Overfull \hbox (1.74901pt too wide) in paragraph at lines 99--141
\T1/lmtt/m/n/10 thema -[] audio :-[] akustik -[] ,[] -[] lautsprecher -[] und -
[] audio -[] terminologie -[] de -[] DE -[]
 []


Overfull \hbox (41.2003pt too wide) in paragraph at lines 99--141
\T1/lmr/m/n/10 (vgl. []$\T1/lmtt/m/n/10 https : / / www . baumannmusic . com / 
de / 2012 / sampleratehz -[] und -[] khz -[] aufloesung -[]
 []


Overfull \hbox (16.67302pt too wide) in paragraph at lines 99--141
\T1/lmr/m/n/10 (vgl. (Fach-buch) []$\T1/lmtt/m/n/10 https : / / books . google 
. de / books ? id = UI2INugaKwIC & pg = PA219 #
 []

[7] [8]
Underfull \hbox (badness 10000) in paragraph at lines 142--144

 []

[9]
Underfull \hbox (badness 10000) in paragraph at lines 149--159

 []


Underfull \hbox (badness 10000) in paragraph at lines 149--159

 []


Underfull \hbox (badness 10000) in paragraph at lines 149--159

 []


Overfull \hbox (3.45041pt too wide) in paragraph at lines 149--159
\T1/lmr/m/n/10 (vgl. []$\T1/lmtt/m/n/10 https : / / www . elektronik -[] kompen
dium . de / sites / praxis / bauteil _ rgb -[]
 []

[10]
LaTeX Font Info:    Trying to load font information for TS1+lmr on input line 1
64.
 (C:\Users\nicol\AppData\Local\Programs\MiKTeX\tex/latex/lm\ts1lmr.fd
File: ts1lmr.fd 2015/05/01 v1.6.1 Font defs for Latin Modern
)
[11] [12{C:/Users/nicol/AppData/Local/Programs/MiKTeX/fonts/enc/dvips/lm/lm-ts1
.enc}]
Overfull \hbox (20.20036pt too wide) in paragraph at lines 194--195
[]\T1/lmr/m/n/10 (vgl. []$\T1/lmtt/m/n/10 https : / / www . denios . de / servi
ces / denios -[] magazin / gefahren -[] im -[] umgang -[]
 []


Underfull \hbox (badness 10000) in paragraph at lines 201--208

 []


Underfull \hbox (badness 10000) in paragraph at lines 201--208

 []

[13]
Underfull \hbox (badness 10000) in paragraph at lines 209--211

 []


Underfull \hbox (badness 3471) in paragraph at lines 224--224
\T1/lmr/m/n/10 wort des ge-wünsch-ten Netz-
 []


Underfull \hbox (badness 3907) in paragraph at lines 224--224
\T1/lmr/m/n/10 wünsch-ten Audio-Streams an
 []


Underfull \hbox (badness 10000) in paragraph at lines 224--227

 []

[14]
Underfull \hbox (badness 10000) in paragraph at lines 230--234

 []


Overfull \hbox (76.04161pt too wide) in paragraph at lines 239--242
\T1/lmr/m/n/10 wählt den Ste-reo-ka-nal aus (links oder rechts). (vgl. htt-ps:/
/www.mikrocontroller.net/articles/I2S) 
 []


Overfull \hbox (8.93584pt too wide) in paragraph at lines 244--264
\T1/lmr/m/n/10 chen Do-ku-men-ten."(Übersetzung des eng-li-schen Ori-gi-nals vo
n: https://www.latex-
 []


Overfull \hbox (61.1576pt too wide) in paragraph at lines 244--264
\T1/lmr/m/n/10 Netz-werk-dia-gram-men."(Übersetzung des eng-li-schen Ori-gi-nal
s von: htt-ps://app.diagrams.net/) 
 []


Overfull \hbox (50.89548pt too wide) in paragraph at lines 244--264
\T1/lmr/m/n/10 de-re Spra-chen und Lauf-zei-ten (wie C++, C#, Ja-va, Py-thon, P
HP, Go, .NET)."(Übersetzung
 []


Overfull \hbox (10.3532pt too wide) in paragraph at lines 244--264
\T1/lmr/m/n/10 licht."(Übersetzung des eng-li-schen Ori-gi-nals von: https://di
gital.gov/resources/an-
 []

[15]
Overfull \hbox (5.67361pt too wide) in paragraph at lines 265--282
\T1/lmr/m/n/10 ESP32 ge-lei-tet. In die an-de-re Rich-tung, wer-den grund-le-ge
n-de WiFi-Informationen
 []

[16]
Underfull \hbox (badness 10000) in paragraph at lines 283--284

 []

[17] [18]
Underfull \hbox (badness 10000) in paragraph at lines 310--321

 []


Underfull \hbox (badness 10000) in paragraph at lines 310--321

 []


Underfull \hbox (badness 10000) in paragraph at lines 310--321

 []


Underfull \hbox (badness 10000) in paragraph at lines 310--321

 []

[19]
<./images//software/uml_microcontroller.png, id=405, 1918.16624pt x 1063.975pt>

File: ./images//software/uml_microcontroller.png Graphic file (type png)
<use ./images//software/uml_microcontroller.png>
Package pdftex.def Info: ./images//software/uml_microcontroller.png  used on in
put line 324.
(pdftex.def)             Requested size: 575.45433pt x 319.19496pt.


LaTeX Warning: Float too large for page by 49.39876pt on input line 326.


Overfull \hbox (16.6455pt too wide) in paragraph at lines 322--349
\T1/lmr/m/n/10 auf ob-jek-t-ori-en-tier-te Pro-gram-mie-rung ge-setzt. Das fol-
gen-de UML-Klassendiagramm
 []


Overfull \hbox (1.3365pt too wide) in paragraph at lines 322--349
\T1/lmr/m/n/10 ver-an-schau-licht die Be-zie-hung der ver-schie-de-nen Klas-sen
 zu-ein-an-der: hier kommt
 []


Underfull \hbox (badness 10000) in paragraph at lines 322--349

 []

[20] [21
pdfTeX warning (ext4): destination with the same identifier (name{figure.1}) ha
s been already used, duplicate ignored
<argument> ...shipout:D \box_use:N \l_shipout_box 
                                                  \__shipout_drop_firstpage_...
l.349 \subsubsection
                    {Herausforderungen} <./images//software/uml_microcontroller
.png>]
Overfull \hbox (17.49892pt too wide) in paragraph at lines 354--364
\T1/lmr/m/n/10 Suche nach URLs von Audio-Streams von Internet-Radios mit-tels d
er RadioBrowser-
 []

[22]
<./images//software/app_layout.png, id=420, 238.491pt x 400.49625pt>
File: ./images//software/app_layout.png Graphic file (type png)
<use ./images//software/app_layout.png>
Package pdftex.def Info: ./images//software/app_layout.png  used on input line 
368.
(pdftex.def)             Requested size: 119.2452pt x 200.24763pt.

Underfull \hbox (badness 10000) in paragraph at lines 371--379

 []


Underfull \hbox (badness 10000) in paragraph at lines 371--379

 []


Underfull \hbox (badness 10000) in paragraph at lines 371--379

 []

[23
pdfTeX warning (ext4): destination with the same identifier (name{figure.2}) ha
s been already used, duplicate ignored
<argument> ...shipout:D \box_use:N \l_shipout_box 
                                                  \__shipout_drop_firstpage_...
l.379 \subsubsection
                    {UI Design} <./images//software/app_layout.png>]
Underfull \hbox (badness 10000) in alignment at lines 395--395
[][] 
 []


Underfull \hbox (badness 10000) in paragraph at lines 380--397

 []


Underfull \hbox (badness 10000) in paragraph at lines 398--415

 []


Overfull \hbox (7.41617pt too wide) in paragraph at lines 398--415
\T1/lmr/m/n/10 Die Funk-ti-on get-Coun-tries fragt al-le ver-füg-ba-ren Län-der
-na-men der RadioBrowser-
 []


Underfull \hbox (badness 10000) in paragraph at lines 398--415

 []


Underfull \hbox (badness 10000) in paragraph at lines 398--415

 []


Underfull \hbox (badness 10000) in paragraph at lines 398--415

 []


Underfull \hbox (badness 10000) in paragraph at lines 398--415

 []


Underfull \hbox (badness 10000) in paragraph at lines 398--415

 []


Underfull \hbox (badness 10000) in paragraph at lines 398--415

 []


Underfull \hbox (badness 10000) in paragraph at lines 398--415

 []

[24] [25]
<./images//software/adapter_connected.png, id=436, 1107.13625pt x 226.8475pt>
File: ./images//software/adapter_connected.png Graphic file (type png)
<use ./images//software/adapter_connected.png>
Package pdftex.def Info: ./images//software/adapter_connected.png  used on inpu
t line 421.
(pdftex.def)             Requested size: 221.42332pt x 45.36868pt.
<./images//software/adapter_not_connected.png, id=437, 1055.945pt x 237.88875pt
>
File: ./images//software/adapter_not_connected.png Graphic file (type png)
<use ./images//software/adapter_not_connected.png>
Package pdftex.def Info: ./images//software/adapter_not_connected.png  used on 
input line 423.
(pdftex.def)             Requested size: 221.75499pt x 49.9581pt.
<./images//software/adapter_selected.png, id=438, 975.645pt x 256.96pt>
File: ./images//software/adapter_selected.png Graphic file (type png)
<use ./images//software/adapter_selected.png>
Package pdftex.def Info: ./images//software/adapter_selected.png  used on input
 line 425.
(pdftex.def)             Requested size: 224.39363pt x 59.09955pt.

Underfull \hbox (badness 10000) in paragraph at lines 418--427

 []


Underfull \hbox (badness 10000) in paragraph at lines 418--427

 []

<./images//software/stationlist.jpg, id=439, 1174.3875pt x 1543.7675pt>
File: ./images//software/stationlist.jpg Graphic file (type jpg)
<use ./images//software/stationlist.jpg>
Package pdftex.def Info: ./images//software/stationlist.jpg  used on input line
 431.
(pdftex.def)             Requested size: 176.15053pt x 231.55513pt.

Underfull \hbox (badness 10000) in paragraph at lines 428--433

 []


Underfull \hbox (badness 10000) in paragraph at lines 428--433

 []

[26
pdfTeX warning (ext4): destination with the same identifier (name{figure.3}) ha
s been already used, duplicate ignored
<argument> ...shipout:D \box_use:N \l_shipout_box 
                                                  \__shipout_drop_firstpage_...
l.433 \end{figure}
                  
pdfTeX warning (ext4): destination with the same identifier (name{figure.4}) ha
s been already used, duplicate ignored
<argument> ...shipout:D \box_use:N \l_shipout_box 
                                                  \__shipout_drop_firstpage_...
l.433 \end{figure}
                  
pdfTeX warning (ext4): destination with the same identifier (name{figure.5}) ha
s been already used, duplicate ignored
<argument> ...shipout:D \box_use:N \l_shipout_box 
                                                  \__shipout_drop_firstpage_...
l.433 \end{figure}
                   <./images//software/adapter_connected.png> <./images//softwa
re/adapter_not_connected.png> <./images//software/adapter_selected.png>]
<./images//software/stationitem.png, id=450, 1129.21875pt x 222.8325pt>
File: ./images//software/stationitem.png Graphic file (type png)
<use ./images//software/stationitem.png>
Package pdftex.def Info: ./images//software/stationitem.png  used on input line
 454.
(pdftex.def)             Requested size: 225.83975pt x 44.5657pt.
<./images//software/stationitem_selected.png, id=451, 1139.25626pt x 220.825pt>

File: ./images//software/stationitem_selected.png Graphic file (type png)
<use ./images//software/stationitem_selected.png>
Package pdftex.def Info: ./images//software/stationitem_selected.png  used on i
nput line 456.
(pdftex.def)             Requested size: 227.84721pt x 44.16422pt.

Overfull \hbox (9.2839pt too wide) in paragraph at lines 434--459
\T1/lmr/m/n/10 ten Ad-ap-tern auf-ge-lis-tet sind. Die Ad-ap-ter wer-den da-bei
 mit-hil-fe der AdapterItem-
 []


Underfull \hbox (badness 10000) in paragraph at lines 434--459

 []


Underfull \hbox (badness 10000) in paragraph at lines 434--459

 []


Underfull \hbox (badness 10000) in paragraph at lines 434--459

 []


Underfull \hbox (badness 10000) in paragraph at lines 434--459

 []


Overfull \hbox (10.14525pt too wide) in paragraph at lines 434--459
\T1/lmr/m/n/10 Pressable-Komponente rea-li-siert. Das Icon wur-de von der FontA
wesome-Bibliothek
 []


Underfull \hbox (badness 10000) in paragraph at lines 434--459

 []


Underfull \hbox (badness 10000) in paragraph at lines 434--459

 []


Overfull \hbox (3.08412pt too wide) in paragraph at lines 434--459
\T1/lmr/m/n/10 Die Kom-po-nen-te Fa-vou-ri-teS-ta-tion-List stellt ei-ne Lis-te
 aus meh-re-ren StationItem-
 []


Underfull \hbox (badness 10000) in paragraph at lines 434--459

 []


Underfull \hbox (badness 10000) in paragraph at lines 434--459

 []


Underfull \hbox (badness 10000) in paragraph at lines 434--459

 []


Underfull \hbox (badness 10000) in paragraph at lines 434--459

 []

[27
pdfTeX warning (ext4): destination with the same identifier (name{figure.6}) ha
s been already used, duplicate ignored
<argument> ...shipout:D \box_use:N \l_shipout_box 
                                                  \__shipout_drop_firstpage_...
l.459 \end{figure}
                   <./images//software/stationlist.jpg>] [28]
Underfull \hbox (badness 10000) in paragraph at lines 460--467

 []


Underfull \hbox (badness 10000) in paragraph at lines 460--467

 []


Overfull \hbox (2.70175pt too wide) in paragraph at lines 460--467
\T1/lmr/m/n/10 nem Lautstärke-Icon da-vor. Das Lautstärke-Icon wird von der Fea
ther-Bibliothek
 []


Underfull \hbox (badness 10000) in paragraph at lines 460--467

 []


Overfull \hbox (10.30681pt too wide) in paragraph at lines 460--467
\T1/lmr/m/n/10 Die Kom-po-nen-te Wi-Fi-Item dient da-zu, die In-for-ma-tio-nen 
ei-nes WLAN-Netzwerkes
 []

[29
pdfTeX warning (ext4): destination with the same identifier (name{figure.7}) ha
s been already used, duplicate ignored
<argument> ...shipout:D \box_use:N \l_shipout_box 
                                                  \__shipout_drop_firstpage_...
l.467 \subsubsection
                    {Seiten}
pdfTeX warning (ext4): destination with the same identifier (name{figure.8}) ha
s been already used, duplicate ignored
<argument> ...shipout:D \box_use:N \l_shipout_box 
                                                  \__shipout_drop_firstpage_...
l.467 \subsubsection
                    {Seiten} <./images//software/stationitem.png> <./images//so
ftware/stationitem_selected.png>]
Underfull \hbox (badness 10000) in paragraph at lines 468--483

 []


Underfull \hbox (badness 10000) in paragraph at lines 468--483

 []


Underfull \hbox (badness 10000) in paragraph at lines 468--483

 []


Underfull \hbox (badness 10000) in paragraph at lines 468--483

 []


Underfull \hbox (badness 10000) in paragraph at lines 468--483

 []


Underfull \hbox (badness 10000) in paragraph at lines 468--483

 []


Underfull \hbox (badness 10000) in paragraph at lines 468--483

 []


Underfull \hbox (badness 10000) in paragraph at lines 468--483

 []

[30] [31]
<./images//hardware/stuetzen_fusion.png, id=479, 505.89pt x 399.6359pt>
File: ./images//hardware/stuetzen_fusion.png Graphic file (type png)
<use ./images//hardware/stuetzen_fusion.png>
Package pdftex.def Info: ./images//hardware/stuetzen_fusion.png  used on input 
line 501.
(pdftex.def)             Requested size: 252.94437pt x 199.81746pt.

Underfull \hbox (badness 10000) in paragraph at lines 493--504

 []

[32]
<./images//hardware/basis-draufsicht_fusion.png, id=484, 446.09518pt x 379.8476
7pt>
File: ./images//hardware/basis-draufsicht_fusion.png Graphic file (type png)
<use ./images//hardware/basis-draufsicht_fusion.png>
Package pdftex.def Info: ./images//hardware/basis-draufsicht_fusion.png  used o
n input line 510.
(pdftex.def)             Requested size: 223.04704pt x 189.92337pt.

Overfull \hbox (17.3603pt too wide) in paragraph at lines 505--513
\T1/lmr/m/n/10 In den ge-gen-über-lie-gen-den Ecken der Ba-sis be-fin-den sich 
der Digital-/Analogwandler
 []


Underfull \hbox (badness 10000) in paragraph at lines 505--513

 []

[33
pdfTeX warning (ext4): destination with the same identifier (name{figure.9}) ha
s been already used, duplicate ignored
<argument> ...shipout:D \box_use:N \l_shipout_box 
                                                  \__shipout_drop_firstpage_...
l.513 \end{figure}
                   <./images//hardware/stuetzen_fusion.png>]
<./images//hardware/basis-inhalt_picture.png, id=491, 806.01125pt x 659.46375pt
>
File: ./images//hardware/basis-inhalt_picture.png Graphic file (type png)
<use ./images//hardware/basis-inhalt_picture.png>
Package pdftex.def Info: ./images//hardware/basis-inhalt_picture.png  used on i
nput line 516.
(pdftex.def)             Requested size: 225.68161pt x 184.64859pt.
<./images//hardware/gitter-schema_fusion.png, id=492, 522.23679pt x 451.6875pt>

File: ./images//hardware/gitter-schema_fusion.png Graphic file (type png)
<use ./images//hardware/gitter-schema_fusion.png>
Package pdftex.def Info: ./images//hardware/gitter-schema_fusion.png  used on i
nput line 528.
(pdftex.def)             Requested size: 156.67224pt x 135.5073pt.

Underfull \hbox (badness 10000) in paragraph at lines 521--531

 []

[34
pdfTeX warning (ext4): destination with the same identifier (name{figure.10}) h
as been already used, duplicate ignored
<argument> ...shipout:D \box_use:N \l_shipout_box 
                                                  \__shipout_drop_firstpage_...
l.531 \end{figure}
                  
pdfTeX warning (ext4): destination with the same identifier (name{figure.11}) h
as been already used, duplicate ignored
<argument> ...shipout:D \box_use:N \l_shipout_box 
                                                  \__shipout_drop_firstpage_...
l.531 \end{figure}
                   <./images//hardware/basis-draufsicht_fusion.png> <./images//
hardware/basis-inhalt_picture.png>] [35
pdfTeX warning (ext4): destination with the same identifier (name{figure.12}) h
as been already used, duplicate ignored
<argument> ...shipout:D \box_use:N \l_shipout_box 
                                                  \__shipout_drop_firstpage_...
l.538 
       <./images//hardware/gitter-schema_fusion.png>]
Overfull \hbox (16.31136pt too wide) in paragraph at lines 540--554
\T1/lmr/m/n/10 vgl. []$\T1/lmtt/m/n/10 https : / / www . printer -[] care . de 
/ de / drucker -[] ratgeber / wie -[] funktioniert -[]
 []

[36]
Underfull \hbox (badness 10000) in paragraph at lines 569--585

 []


Overfull \hbox (0.1356pt too wide) in paragraph at lines 586--595
\T1/lmr/m/n/10 Schmelz-tem-pe-ra-tur un-ter 450\TS1/lmr/m/n/10 °\T1/lmr/m/n/10 
C wäh-rend Hart-lo-te erst ab 450\TS1/lmr/m/n/10 °\T1/lmr/m/n/10 C bis et-wa 11
00\TS1/lmr/m/n/10 °\T1/lmr/m/n/10 C
 []

[37] [38] [39] [40] (DA-Main.aux)
 ***********
LaTeX2e <2023-11-01> patch level 1
L3 programming layer <2024-01-04>
 ***********
Package rerunfilecheck Info: File `DA-Main.out' has not changed.
(rerunfilecheck)             Checksum: BFB4EE90B14CEB1726869166141297D5;8799.
 ) 
Here is how much of TeX's memory you used:
 11119 strings out of 474486
 180087 string characters out of 5743755
 1939542 words of memory out of 5000000
 33123 multiletter control sequences out of 15000+600000
 605319 words of font info for 66 fonts, out of 8000000 for 9000
 1141 hyphenation exceptions out of 8191
 75i,10n,79p,1272b,614s stack positions out of 10000i,1000n,20000p,200000b,200000s
<C:/Users/nicol/AppData/Local/Programs/MiKTeX/fonts/type1/public/lm/lmbx10.pf
b><C:/Users/nicol/AppData/Local/Programs/MiKTeX/fonts/type1/public/lm/lmbx12.pf
b><C:/Users/nicol/AppData/Local/Programs/MiKTeX/fonts/type1/public/lm/lmr10.pfb
><C:/Users/nicol/AppData/Local/Programs/MiKTeX/fonts/type1/public/lm/lmr12.pfb>
<C:/Users/nicol/AppData/Local/Programs/MiKTeX/fonts/type1/public/lm/lmtt10.pfb>

Output written on DA-Main.pdf (40 pages, 2931391 bytes).
PDF statistics:
 591 PDF objects out of 1000 (max. 8388607)
 112 named destinations out of 1000 (max. 500000)
 530 words of extra memory for PDF output out of 10000 (max. 10000000)

