\BOOKMARK [1][-]{section.1}{\376\377\000E\000i\000n\000l\000e\000i\000t\000u\000n\000g}{}% 1
\BOOKMARK [2][-]{subsection.1.1}{\376\377\000E\000i\000n\000l\000e\000i\000t\000u\000n\000g\000\040\000H\000a\000r\000d\000w\000a\000r\000e}{section.1}% 2
\BOOKMARK [2][-]{subsection.1.2}{\376\377\000E\000i\000n\000l\000e\000i\000t\000u\000n\000g\000\040\000S\000o\000f\000t\000w\000a\000r\000e}{section.1}% 3
\BOOKMARK [1][-]{section.2}{\376\377\000P\000l\000a\000n\000u\000n\000g}{}% 4
\BOOKMARK [2][-]{subsection.2.1}{\376\377\000F\000e\000s\000t\000l\000e\000g\000u\000n\000g\000\040\000F\000u\000n\000k\000t\000i\000o\000n\000s\000w\000e\000i\000s\000e}{section.2}% 5
\BOOKMARK [2][-]{subsection.2.2}{\376\377\000A\000u\000s\000w\000a\000h\000l\000\040\000H\000a\000r\000d\000w\000a\000r\000e\000k\000o\000m\000p\000o\000n\000e\000n\000t\000e\000n}{section.2}% 6
\BOOKMARK [2][-]{subsection.2.3}{\376\377\000A\000n\000f\000o\000r\000d\000e\000r\000u\000n\000g\000e\000n\000\040\000S\000o\000f\000t\000w\000a\000r\000e\000\040\000A\000d\000a\000p\000t\000e\000r}{section.2}% 7
\BOOKMARK [2][-]{subsection.2.4}{\376\377\000A\000n\000f\000o\000r\000d\000e\000r\000u\000n\000g\000e\000n\000\040\000S\000m\000a\000r\000t\000p\000h\000o\000n\000e\000-\000A\000p\000p}{section.2}% 8
\BOOKMARK [2][-]{subsection.2.5}{\376\377\000A\000u\000s\000w\000a\000h\000l\000\040\000T\000e\000c\000h\000n\000o\000l\000o\000g\000i\000e\000n}{section.2}% 9
\BOOKMARK [2][-]{subsection.2.6}{\376\377\000A\000u\000s\000w\000a\000h\000l\000\040\000S\000o\000f\000t\000w\000a\000r\000e\000t\000o\000o\000l\000s}{section.2}% 10
\BOOKMARK [1][-]{section.3}{\376\377\000E\000n\000t\000w\000i\000c\000k\000l\000u\000n\000g}{}% 11
\BOOKMARK [2][-]{subsection.3.1}{\376\377\000E\000n\000t\000w\000i\000c\000k\000l\000u\000n\000g\000\040\000S\000o\000f\000t\000w\000a\000r\000e\000\040\000A\000d\000a\000p\000t\000e\000r}{section.3}% 12
\BOOKMARK [2][-]{subsection.3.2}{\376\377\000E\000n\000t\000w\000i\000c\000k\000l\000u\000n\000g\000\040\000S\000m\000a\000r\000t\000p\000h\000o\000n\000e\000-\000A\000p\000p}{section.3}% 13
\BOOKMARK [2][-]{subsection.3.3}{\376\377\000D\000e\000s\000i\000g\000n\000\040\000A\000d\000a\000p\000t\000e\000r\000g\000e\000h\000\344\000u\000s\000e}{section.3}% 14
\BOOKMARK [2][-]{subsection.3.4}{\376\377\000F\000e\000r\000t\000i\000g\000u\000n\000g\000\040\000A\000d\000a\000p\000t\000e\000r\000g\000e\000h\000\344\000u\000s\000e}{section.3}% 15
\BOOKMARK [2][-]{subsection.3.5}{\376\377\000Z\000u\000s\000a\000m\000m\000e\000n\000s\000e\000t\000z\000e\000n\000\040\000d\000e\000s\000\040\000P\000r\000o\000t\000o\000t\000y\000p\000e\000n}{section.3}% 16
\BOOKMARK [1][-]{section.4}{\376\377\000T\000e\000s\000t\000e\000n\000\040\000u\000n\000d\000\040\000F\000e\000h\000l\000e\000r\000b\000e\000h\000e\000b\000u\000n\000g}{}% 17
\BOOKMARK [2][-]{subsection.4.1}{\376\377\000T\000e\000s\000t\000e\000n\000\040\000d\000e\000s\000\040\000G\000e\000s\000a\000m\000t\000s\000y\000s\000t\000e\000m\000s}{section.4}% 18
\BOOKMARK [2][-]{subsection.4.2}{\376\377\000A\000u\000f\000t\000r\000e\000t\000e\000n\000d\000e\000\040\000F\000e\000h\000l\000e\000r\000\040\000b\000e\000h\000e\000b\000e\000n}{section.4}% 19
\BOOKMARK [1][-]{section.5}{\376\377\000S\000c\000h\000l\000u\000s\000s}{}% 20
\BOOKMARK [2][-]{subsection.5.1}{\376\377\000K\000o\000n\000k\000l\000u\000s\000i\000o\000n\000\040\000H\000a\000r\000d\000w\000a\000r\000e}{section.5}% 21
\BOOKMARK [2][-]{subsection.5.2}{\376\377\000K\000o\000n\000k\000l\000u\000s\000i\000o\000n\000\040\000S\000o\000f\000t\000w\000a\000r\000e}{section.5}% 22
\BOOKMARK [1][-]{section.6}{\376\377\000E\000i\000n\000z\000e\000l\000n\000a\000c\000h\000w\000e\000i\000s\000e}{}% 23
\BOOKMARK [2][-]{subsection.6.1}{\376\377\000L\000i\000t\000e\000r\000a\000t\000u\000r\000v\000e\000r\000z\000e\000i\000c\000h\000n\000i\000s}{section.6}% 24
\BOOKMARK [2][-]{subsection.6.2}{\376\377\000A\000b\000b\000i\000l\000d\000u\000n\000g\000s\000v\000e\000r\000z\000e\000i\000c\000h\000n\000i\000s}{section.6}% 25
\BOOKMARK [2][-]{subsection.6.3}{\376\377\000T\000a\000b\000e\000l\000l\000e\000n\000v\000e\000r\000z\000e\000i\000c\000h\000n\000i\000s}{section.6}% 26
\BOOKMARK [2][-]{subsection.6.4}{\376\377\000A\000n\000h\000a\000n\000g}{section.6}% 27
