\BOOKMARK [1][-]{section.1}{\376\377\000P\000r\000o\000j\000e\000k\000t}{}% 1
\BOOKMARK [2][-]{subsection.1.1}{\376\377\000P\000r\000o\000j\000e\000k\000t\000t\000e\000a\000m}{section.1}% 2
\BOOKMARK [2][-]{subsection.1.2}{\376\377\000E\000i\000d\000e\000s\000s\000t\000a\000t\000t\000l\000i\000c\000h\000e\000\040\000E\000r\000k\000l\000\344\000r\000u\000n\000g}{section.1}% 3
\BOOKMARK [2][-]{subsection.1.3}{\376\377\000A\000b\000s\000t\000r\000a\000c\000t\000\040\000D\000e\000u\000t\000s\000c\000h}{section.1}% 4
\BOOKMARK [2][-]{subsection.1.4}{\376\377\000A\000b\000s\000t\000r\000a\000c\000t\000\040\000E\000n\000g\000l\000i\000s\000h}{section.1}% 5
\BOOKMARK [2][-]{subsection.1.5}{\376\377\000D\000a\000n\000k\000s\000a\000g\000u\000n\000g}{section.1}% 6
\BOOKMARK [1][-]{section.2}{\376\377\000E\000i\000n\000l\000e\000i\000t\000u\000n\000g}{}% 7
\BOOKMARK [2][-]{subsection.2.1}{\376\377\000E\000i\000n\000l\000e\000i\000t\000u\000n\000g\000\040\000H\000a\000r\000d\000w\000a\000r\000e}{section.2}% 8
\BOOKMARK [2][-]{subsection.2.2}{\376\377\000E\000i\000n\000l\000e\000i\000t\000u\000n\000g\000\040\000S\000o\000f\000t\000w\000a\000r\000e}{section.2}% 9
\BOOKMARK [1][-]{section.3}{\376\377\000P\000l\000a\000n\000u\000n\000g}{}% 10
\BOOKMARK [2][-]{subsection.3.1}{\376\377\000F\000e\000s\000t\000l\000e\000g\000u\000n\000g\000\040\000F\000u\000n\000k\000t\000i\000o\000n\000s\000w\000e\000i\000s\000e}{section.3}% 11
\BOOKMARK [2][-]{subsection.3.2}{\376\377\000A\000u\000s\000w\000a\000h\000l\000\040\000H\000a\000r\000d\000w\000a\000r\000e\000k\000o\000m\000p\000o\000n\000e\000n\000t\000e\000n}{section.3}% 12
\BOOKMARK [3][-]{subsubsection.3.2.1}{\376\377\000A\000u\000s\000w\000a\000h\000l\000\040\000e\000x\000t\000e\000r\000n\000e\000\040\000H\000a\000r\000d\000w\000a\000r\000e}{subsection.3.2}% 13
\BOOKMARK [3][-]{subsubsection.3.2.2}{\376\377\000A\000u\000s\000w\000a\000h\000l\000\040\000i\000n\000t\000e\000r\000n\000e\000\040\000H\000a\000r\000d\000w\000a\000r\000e}{subsection.3.2}% 14
\BOOKMARK [2][-]{subsection.3.3}{\376\377\000A\000u\000s\000w\000a\000h\000l\000\040\000T\000e\000c\000h\000n\000o\000l\000o\000g\000i\000e\000n}{section.3}% 15
\BOOKMARK [3][-]{subsubsection.3.3.1}{\376\377\000P\000r\000o\000t\000o\000k\000o\000l\000l\000e}{subsection.3.3}% 16
\BOOKMARK [2][-]{subsection.3.4}{\376\377\000A\000u\000s\000w\000a\000h\000l\000\040\000S\000o\000f\000t\000w\000a\000r\000e\000t\000o\000o\000l\000s}{section.3}% 17
\BOOKMARK [3][-]{subsubsection.3.4.1}{\376\377\000E\000i\000n\000l\000e\000i\000t\000u\000n\000g}{subsection.3.4}% 18
\BOOKMARK [3][-]{subsubsection.3.4.2}{\376\377\000S\000o\000f\000t\000w\000a\000r\000e\000t\000o\000o\000l\000s\000\040\000M\000i\000c\000r\000o\000c\000o\000n\000t\000r\000o\000l\000l\000e\000r}{subsection.3.4}% 19
\BOOKMARK [3][-]{subsubsection.3.4.3}{\376\377\000S\000o\000f\000t\000w\000a\000r\000e\000t\000o\000o\000l\000s\000\040\000S\000m\000a\000r\000t\000p\000h\000o\000n\000e\000a\000p\000p}{subsection.3.4}% 20
\BOOKMARK [1][-]{section.4}{\376\377\000E\000n\000t\000w\000i\000c\000k\000l\000u\000n\000g}{}% 21
\BOOKMARK [2][-]{subsection.4.1}{\376\377\000D\000e\000s\000i\000g\000n\000\040\000P\000l\000a\000t\000i\000n\000e}{section.4}% 22
\BOOKMARK [2][-]{subsection.4.2}{\376\377\000B\000e\000s\000t\000\374\000c\000k\000u\000n\000g\000\040\000P\000l\000a\000t\000i\000n\000e}{section.4}% 23
\BOOKMARK [2][-]{subsection.4.3}{\376\377\000E\000n\000t\000w\000i\000c\000k\000l\000u\000n\000g\000\040\000S\000o\000f\000t\000w\000a\000r\000e\000\040\000A\000d\000a\000p\000t\000e\000r}{section.4}% 24
\BOOKMARK [2][-]{subsection.4.4}{\376\377\000E\000n\000t\000w\000i\000c\000k\000l\000u\000n\000g\000\040\000S\000m\000a\000r\000t\000p\000h\000o\000n\000e\000-\000A\000p\000p}{section.4}% 25
\BOOKMARK [2][-]{subsection.4.5}{\376\377\000D\000e\000s\000i\000g\000n\000\040\000A\000d\000a\000p\000t\000e\000r\000g\000e\000h\000\344\000u\000s\000e}{section.4}% 26
\BOOKMARK [2][-]{subsection.4.6}{\376\377\000F\000e\000r\000t\000i\000g\000u\000n\000g\000\040\000A\000d\000a\000p\000t\000e\000r\000g\000e\000h\000\344\000u\000s\000e}{section.4}% 27
\BOOKMARK [1][-]{section.5}{\376\377\000T\000e\000s\000t\000e\000n\000\040\000u\000n\000d\000\040\000F\000e\000h\000l\000e\000r\000b\000e\000h\000e\000b\000u\000n\000g}{}% 28
\BOOKMARK [2][-]{subsection.5.1}{\376\377\000T\000e\000s\000t\000e\000n\000\040\000d\000e\000s\000\040\000G\000e\000s\000a\000m\000t\000s\000y\000s\000t\000e\000m\000s}{section.5}% 29
\BOOKMARK [2][-]{subsection.5.2}{\376\377\000a\000u\000f\000t\000r\000e\000t\000e\000n\000d\000e\000\040\000F\000e\000h\000l\000e\000r\000\040\000b\000e\000h\000e\000b\000e\000n}{section.5}% 30
\BOOKMARK [2][-]{subsection.5.3}{\376\377\000T\000e\000s\000t\000\040\000a\000u\000f\000\040\000C\000y\000b\000e\000r\000s\000e\000c\000u\000r\000i\000t\000y}{section.5}% 31
\BOOKMARK [2][-]{subsection.5.4}{\376\377\000A\000u\000f\000t\000r\000e\000t\000e\000n\000d\000e\000\040\000S\000i\000c\000h\000e\000r\000h\000e\000i\000t\000s\000l\000\374\000c\000k\000e\000n\000\040\000s\000c\000h\000l\000i\000e\000\337\000e\000n}{section.5}% 32
\BOOKMARK [1][-]{section.6}{\376\377\000E\000i\000n\000z\000e\000l\000n\000a\000c\000h\000w\000e\000i\000s\000e}{}% 33
\BOOKMARK [2][-]{subsection.6.1}{\376\377\000L\000i\000t\000e\000r\000a\000t\000u\000r\000v\000e\000r\000z\000e\000i\000c\000h\000n\000i\000s}{section.6}% 34
\BOOKMARK [2][-]{subsection.6.2}{\376\377\000A\000b\000b\000i\000l\000d\000u\000n\000g\000s\000v\000e\000r\000z\000e\000i\000c\000h\000n\000i\000s}{section.6}% 35
\BOOKMARK [2][-]{subsection.6.3}{\376\377\000A\000n\000h\000a\000n\000g}{section.6}% 36
